2024-06-26 14:22:14.762 [main] INFO  br.edu.up.allanhousequest.utils.Utils - Arquivo de jogadores inicializado.
2024-06-26 14:22:14.778 [main] INFO  br.edu.up.allanhousequest.utils.Utils - Arquivo de monstros inicializado.
2024-06-26 14:22:14.778 [main] INFO  br.edu.up.allanhousequest.utils.Utils - Arquivo de itens inicializado.
2024-06-26 14:22:22.062 [main] INFO  br.edu.up.allanhousequest.utils.Utils - Arquivo de jogadores carregado.
2024-06-26 14:22:22.062 [main] INFO  br.edu.up.allanhousequest.utils.Utils - Arquivo de monstros carregado.
2024-06-26 14:22:22.062 [main] INFO  br.edu.up.allanhousequest.utils.Utils - Arquivo de itens carregado.
2024-06-26 14:22:22.062 [main] INFO  br.edu.up.allanhousequest.utils.Utils - Jogo carregado.
2024-06-26 14:23:24.366 [main] INFO  br.edu.up.allanhousequest.utils.Utils - Arquivo de jogadores salvo.
2024-06-26 14:23:24.366 [main] INFO  br.edu.up.allanhousequest.utils.Utils - Arquivo de monstros salvo.
2024-06-26 14:23:24.366 [main] INFO  br.edu.up.allanhousequest.utils.Utils - Arquivo de itens salvo.
2024-06-26 14:23:24.366 [main] INFO  br.edu.up.allanhousequest.utils.Utils - Jogo salvo.
2024-06-26 14:23:45.116 [main] INFO  br.edu.up.allanhousequest.utils.Utils - Jogo iniciado com jogador kaua.
2024-06-26 15:08:37.318 [main] INFO  br.edu.up.allanhousequest.utils.Utils - Arquivo de jogadores inicializado.
2024-06-26 15:08:37.334 [main] INFO  br.edu.up.allanhousequest.utils.Utils - Arquivo de monstros inicializado.
2024-06-26 15:08:37.334 [main] INFO  br.edu.up.allanhousequest.utils.Utils - Arquivo de itens inicializado.
2024-06-26 15:08:42.936 [main] INFO  br.edu.up.allanhousequest.utils.Utils - Arquivo de jogadores carregado.
2024-06-26 15:08:42.936 [main] INFO  br.edu.up.allanhousequest.utils.Utils - Arquivo de monstros carregado.
2024-06-26 15:08:42.936 [main] INFO  br.edu.up.allanhousequest.utils.Utils - Arquivo de itens carregado.
2024-06-26 15:08:42.936 [main] INFO  br.edu.up.allanhousequest.utils.Utils - Jogo carregado.
2024-06-26 15:40:22.057 [main] INFO  br.edu.up.allanhousequest.utils.Utils - Arquivo de jogadores inicializado.
2024-06-26 15:40:22.066 [main] INFO  br.edu.up.allanhousequest.utils.Utils - Arquivo de monstros inicializado.
2024-06-26 15:40:22.066 [main] INFO  br.edu.up.allanhousequest.utils.Utils - Arquivo de itens inicializado.
2024-06-26 15:40:30.387 [main] INFO  br.edu.up.allanhousequest.utils.Utils - Arquivo de jogadores carregado.
2024-06-26 15:40:30.389 [main] INFO  br.edu.up.allanhousequest.utils.Utils - Arquivo de monstros carregado.
2024-06-26 15:40:30.390 [main] INFO  br.edu.up.allanhousequest.utils.Utils - Arquivo de itens carregado.
2024-06-26 15:40:30.390 [main] INFO  br.edu.up.allanhousequest.utils.Utils - Jogo carregado.
2024-06-26 15:40:55.784 [main] INFO  br.edu.up.allanhousequest.utils.Utils - Item removido.
2024-06-26 15:41:19.516 [main] INFO  br.edu.up.allanhousequest.utils.Utils - Item removido.
2024-06-26 15:41:48.248 [main] INFO  br.edu.up.allanhousequest.utils.Utils - Item removido.
2024-06-26 15:41:50.504 [main] INFO  br.edu.up.allanhousequest.utils.Utils - Item removido.
2024-06-26 15:41:52.178 [main] INFO  br.edu.up.allanhousequest.utils.Utils - Item removido.
2024-06-26 15:41:55.256 [main] INFO  br.edu.up.allanhousequest.utils.Utils - Item removido.
2024-06-26 15:41:57.088 [main] INFO  br.edu.up.allanhousequest.utils.Utils - Item removido.
2024-06-26 15:41:58.992 [main] INFO  br.edu.up.allanhousequest.utils.Utils - Item removido.
2024-06-26 15:42:00.583 [main] INFO  br.edu.up.allanhousequest.utils.Utils - Item removido.
2024-06-26 15:42:10.511 [main] INFO  br.edu.up.allanhousequest.utils.Utils - Arquivo de jogadores salvo.
2024-06-26 15:42:10.513 [main] INFO  br.edu.up.allanhousequest.utils.Utils - Arquivo de monstros salvo.
2024-06-26 15:42:10.513 [main] INFO  br.edu.up.allanhousequest.utils.Utils - Jogo salvo.
2024-06-26 15:42:13.379 [main] INFO  br.edu.up.allanhousequest.utils.Utils - Arquivo de jogadores salvo.
2024-06-26 15:42:13.380 [main] INFO  br.edu.up.allanhousequest.utils.Utils - Arquivo de monstros salvo.
2024-06-26 15:42:13.380 [main] INFO  br.edu.up.allanhousequest.utils.Utils - Jogo salvo.
2024-06-26 15:42:21.952 [main] INFO  br.edu.up.allanhousequest.utils.Utils - Arquivo de jogadores inicializado.
2024-06-26 15:42:21.964 [main] INFO  br.edu.up.allanhousequest.utils.Utils - Arquivo de monstros inicializado.
2024-06-26 15:42:21.964 [main] INFO  br.edu.up.allanhousequest.utils.Utils - Arquivo de itens inicializado.
2024-06-26 15:42:28.615 [main] INFO  br.edu.up.allanhousequest.utils.Utils - Arquivo de jogadores carregado.
2024-06-26 15:42:28.615 [main] INFO  br.edu.up.allanhousequest.utils.Utils - Arquivo de monstros carregado.
2024-06-26 15:42:28.615 [main] INFO  br.edu.up.allanhousequest.utils.Utils - Arquivo de itens carregado.
2024-06-26 15:42:28.621 [main] INFO  br.edu.up.allanhousequest.utils.Utils - Jogo carregado.
2024-06-26 16:08:24.826 [main] INFO  br.edu.up.allanhousequest.utils.Utils - Arquivo de jogadores inicializado.
2024-06-26 16:08:24.838 [main] INFO  br.edu.up.allanhousequest.utils.Utils - Arquivo de monstros inicializado.
2024-06-26 16:08:24.839 [main] INFO  br.edu.up.allanhousequest.utils.Utils - Arquivo de itens inicializado.
2024-06-26 16:08:49.917 [main] INFO  br.edu.up.allanhousequest.utils.Utils - Arquivo de jogadores carregado.
2024-06-26 16:08:49.919 [main] INFO  br.edu.up.allanhousequest.utils.Utils - Arquivo de monstros carregado.
2024-06-26 16:08:49.919 [main] INFO  br.edu.up.allanhousequest.utils.Utils - Arquivo de itens carregado.
2024-06-26 16:08:49.919 [main] INFO  br.edu.up.allanhousequest.utils.Utils - Jogo carregado.
2024-06-26 16:09:20.847 [main] INFO  br.edu.up.allanhousequest.utils.Utils - Monstro removido.
2024-06-26 16:09:29.537 [main] INFO  br.edu.up.allanhousequest.utils.Utils - Monstro removido.
2024-06-26 16:09:32.747 [main] INFO  br.edu.up.allanhousequest.utils.Utils - Monstro removido.
2024-06-26 16:09:39.647 [main] INFO  br.edu.up.allanhousequest.utils.Utils - Arquivo de jogadores salvo.
2024-06-26 16:09:39.647 [main] INFO  br.edu.up.allanhousequest.utils.Utils - Arquivo de monstros salvo.
2024-06-26 16:09:39.647 [main] INFO  br.edu.up.allanhousequest.utils.Utils - Arquivo de itens salvo.
2024-06-26 16:09:39.647 [main] INFO  br.edu.up.allanhousequest.utils.Utils - Jogo salvo.
2024-06-26 16:09:41.867 [main] INFO  br.edu.up.allanhousequest.utils.Utils - Arquivo de jogadores salvo.
2024-06-26 16:09:41.867 [main] INFO  br.edu.up.allanhousequest.utils.Utils - Arquivo de monstros salvo.
2024-06-26 16:09:41.867 [main] INFO  br.edu.up.allanhousequest.utils.Utils - Arquivo de itens salvo.
2024-06-26 16:09:41.867 [main] INFO  br.edu.up.allanhousequest.utils.Utils - Jogo salvo.
2024-06-26 16:10:16.536 [main] INFO  br.edu.up.allanhousequest.utils.Utils - Arquivo de jogadores inicializado.
2024-06-26 16:10:16.546 [main] INFO  br.edu.up.allanhousequest.utils.Utils - Arquivo de monstros inicializado.
2024-06-26 16:10:16.547 [main] INFO  br.edu.up.allanhousequest.utils.Utils - Arquivo de itens inicializado.
2024-06-26 16:10:57.212 [main] INFO  br.edu.up.allanhousequest.utils.Utils - Arquivo de jogadores carregado.
2024-06-26 16:10:57.212 [main] INFO  br.edu.up.allanhousequest.utils.Utils - Arquivo de monstros carregado.
2024-06-26 16:10:57.212 [main] INFO  br.edu.up.allanhousequest.utils.Utils - Arquivo de itens carregado.
2024-06-26 16:10:57.213 [main] INFO  br.edu.up.allanhousequest.utils.Utils - Jogo carregado.
2024-06-26 16:11:54.666 [main] INFO  br.edu.up.allanhousequest.utils.Utils - Item criado.
2024-06-26 16:12:25.578 [main] INFO  br.edu.up.allanhousequest.utils.Utils - Item criado.
2024-06-26 16:12:45.666 [main] INFO  br.edu.up.allanhousequest.utils.Utils - Item criado.
2024-06-26 16:13:16.567 [main] INFO  br.edu.up.allanhousequest.utils.Utils - Item criado.
2024-06-26 16:13:33.858 [main] INFO  br.edu.up.allanhousequest.utils.Utils - Item criado.
2024-06-26 16:13:55.290 [main] INFO  br.edu.up.allanhousequest.utils.Utils - Item criado.
2024-06-26 16:14:15.130 [main] INFO  br.edu.up.allanhousequest.utils.Utils - Item criado.
2024-06-26 16:14:49.162 [main] INFO  br.edu.up.allanhousequest.utils.Utils - Item criado.
2024-06-26 16:15:18.378 [main] INFO  br.edu.up.allanhousequest.utils.Utils - Item criado.
2024-06-26 16:15:24.317 [main] INFO  br.edu.up.allanhousequest.utils.Utils - Arquivo de jogadores salvo.
2024-06-26 16:15:24.318 [main] INFO  br.edu.up.allanhousequest.utils.Utils - Arquivo de monstros salvo.
2024-06-26 16:15:24.321 [main] INFO  br.edu.up.allanhousequest.utils.Utils - Arquivo de itens salvo.
2024-06-26 16:15:24.321 [main] INFO  br.edu.up.allanhousequest.utils.Utils - Jogo salvo.
2024-06-26 16:15:26.568 [main] INFO  br.edu.up.allanhousequest.utils.Utils - Arquivo de jogadores salvo.
2024-06-26 16:15:26.568 [main] INFO  br.edu.up.allanhousequest.utils.Utils - Arquivo de monstros salvo.
2024-06-26 16:15:26.568 [main] INFO  br.edu.up.allanhousequest.utils.Utils - Arquivo de itens salvo.
2024-06-26 16:15:26.568 [main] INFO  br.edu.up.allanhousequest.utils.Utils - Jogo salvo.
2024-06-26 16:15:31.580 [main] INFO  br.edu.up.allanhousequest.utils.Utils - Arquivo de jogadores inicializado.
2024-06-26 16:15:31.590 [main] INFO  br.edu.up.allanhousequest.utils.Utils - Arquivo de monstros inicializado.
2024-06-26 16:15:31.590 [main] INFO  br.edu.up.allanhousequest.utils.Utils - Arquivo de itens inicializado.
2024-06-26 16:15:33.717 [main] INFO  br.edu.up.allanhousequest.utils.Utils - Arquivo de jogadores carregado.
2024-06-26 16:15:33.721 [main] INFO  br.edu.up.allanhousequest.utils.Utils - Arquivo de monstros carregado.
2024-06-26 16:15:33.724 [main] INFO  br.edu.up.allanhousequest.utils.Utils - Arquivo de itens carregado.
2024-06-26 16:15:33.724 [main] INFO  br.edu.up.allanhousequest.utils.Utils - Jogo carregado.
2024-06-26 16:16:23.338 [main] INFO  br.edu.up.allanhousequest.utils.Utils - Item criado.
2024-06-26 16:16:43.714 [main] INFO  br.edu.up.allanhousequest.utils.Utils - Item criado.
2024-06-26 16:17:07.370 [main] INFO  br.edu.up.allanhousequest.utils.Utils - Item criado.
2024-06-26 16:17:09.685 [main] INFO  br.edu.up.allanhousequest.utils.Utils - Arquivo de jogadores salvo.
2024-06-26 16:17:09.686 [main] INFO  br.edu.up.allanhousequest.utils.Utils - Arquivo de monstros salvo.
2024-06-26 16:17:09.689 [main] INFO  br.edu.up.allanhousequest.utils.Utils - Arquivo de itens salvo.
2024-06-26 16:17:09.689 [main] INFO  br.edu.up.allanhousequest.utils.Utils - Jogo salvo.
2024-06-26 16:17:10.932 [main] INFO  br.edu.up.allanhousequest.utils.Utils - Arquivo de jogadores salvo.
2024-06-26 16:17:10.933 [main] INFO  br.edu.up.allanhousequest.utils.Utils - Arquivo de monstros salvo.
2024-06-26 16:17:10.935 [main] INFO  br.edu.up.allanhousequest.utils.Utils - Arquivo de itens salvo.
2024-06-26 16:17:10.935 [main] INFO  br.edu.up.allanhousequest.utils.Utils - Jogo salvo.
2024-06-26 16:17:49.885 [main] INFO  br.edu.up.allanhousequest.utils.Utils - Arquivo de jogadores inicializado.
2024-06-26 16:17:49.896 [main] INFO  br.edu.up.allanhousequest.utils.Utils - Arquivo de monstros inicializado.
2024-06-26 16:17:49.896 [main] INFO  br.edu.up.allanhousequest.utils.Utils - Arquivo de itens inicializado.
2024-06-26 16:17:57.835 [main] INFO  br.edu.up.allanhousequest.utils.Utils - Arquivo de jogadores carregado.
2024-06-26 16:17:57.836 [main] INFO  br.edu.up.allanhousequest.utils.Utils - Arquivo de monstros carregado.
2024-06-26 16:17:57.838 [main] INFO  br.edu.up.allanhousequest.utils.Utils - Arquivo de itens carregado.
2024-06-26 16:17:57.838 [main] INFO  br.edu.up.allanhousequest.utils.Utils - Jogo carregado.
2024-06-26 16:18:58.642 [main] INFO  br.edu.up.allanhousequest.utils.Utils - Monstro criado.
2024-06-26 16:19:33.762 [main] INFO  br.edu.up.allanhousequest.utils.Utils - Monstro criado.
2024-06-26 16:20:02.874 [main] INFO  br.edu.up.allanhousequest.utils.Utils - Monstro criado.
2024-06-26 16:20:32.289 [main] INFO  br.edu.up.allanhousequest.utils.Utils - Monstro criado.
2024-06-26 16:21:06.498 [main] INFO  br.edu.up.allanhousequest.utils.Utils - Monstro criado.
2024-06-26 16:21:35.643 [main] INFO  br.edu.up.allanhousequest.utils.Utils - Monstro criado.
2024-06-26 16:22:06.042 [main] INFO  br.edu.up.allanhousequest.utils.Utils - Monstro criado.
2024-06-26 16:22:11.717 [main] INFO  br.edu.up.allanhousequest.utils.Utils - Arquivo de jogadores salvo.
2024-06-26 16:22:11.720 [main] INFO  br.edu.up.allanhousequest.utils.Utils - Arquivo de monstros salvo.
2024-06-26 16:22:11.722 [main] INFO  br.edu.up.allanhousequest.utils.Utils - Arquivo de itens salvo.
2024-06-26 16:22:11.722 [main] INFO  br.edu.up.allanhousequest.utils.Utils - Jogo salvo.
2024-06-26 16:22:12.956 [main] INFO  br.edu.up.allanhousequest.utils.Utils - Arquivo de jogadores salvo.
2024-06-26 16:22:12.958 [main] INFO  br.edu.up.allanhousequest.utils.Utils - Arquivo de monstros salvo.
2024-06-26 16:22:12.961 [main] INFO  br.edu.up.allanhousequest.utils.Utils - Arquivo de itens salvo.
2024-06-26 16:22:12.961 [main] INFO  br.edu.up.allanhousequest.utils.Utils - Jogo salvo.
2024-06-26 16:22:24.330 [main] INFO  br.edu.up.allanhousequest.utils.Utils - Arquivo de jogadores inicializado.
2024-06-26 16:22:24.340 [main] INFO  br.edu.up.allanhousequest.utils.Utils - Arquivo de monstros inicializado.
2024-06-26 16:22:24.340 [main] INFO  br.edu.up.allanhousequest.utils.Utils - Arquivo de itens inicializado.
2024-06-26 16:22:29.325 [main] INFO  br.edu.up.allanhousequest.utils.Utils - Arquivo de jogadores carregado.
2024-06-26 16:22:29.326 [main] INFO  br.edu.up.allanhousequest.utils.Utils - Arquivo de monstros carregado.
2024-06-26 16:22:29.328 [main] INFO  br.edu.up.allanhousequest.utils.Utils - Arquivo de itens carregado.
2024-06-26 16:22:29.328 [main] INFO  br.edu.up.allanhousequest.utils.Utils - Jogo carregado.
2024-06-26 16:22:41.694 [main] INFO  br.edu.up.allanhousequest.utils.Utils - Arquivo de jogadores salvo.
2024-06-26 16:22:41.695 [main] INFO  br.edu.up.allanhousequest.utils.Utils - Arquivo de monstros salvo.
2024-06-26 16:22:41.697 [main] INFO  br.edu.up.allanhousequest.utils.Utils - Arquivo de itens salvo.
2024-06-26 16:22:41.698 [main] INFO  br.edu.up.allanhousequest.utils.Utils - Jogo salvo.
2024-06-26 16:22:52.738 [main] INFO  br.edu.up.allanhousequest.utils.Utils - Jogo iniciado com jogador kaua.
2024-06-26 16:23:26.870 [main] INFO  br.edu.up.allanhousequest.utils.Utils - Jogo encerrado.
2024-06-26 16:23:32.699 [main] INFO  br.edu.up.allanhousequest.utils.Utils - Arquivo de jogadores inicializado.
2024-06-26 16:23:32.709 [main] INFO  br.edu.up.allanhousequest.utils.Utils - Arquivo de monstros inicializado.
2024-06-26 16:23:32.710 [main] INFO  br.edu.up.allanhousequest.utils.Utils - Arquivo de itens inicializado.
2024-06-26 16:23:39.678 [main] INFO  br.edu.up.allanhousequest.utils.Utils - Arquivo de jogadores carregado.
2024-06-26 16:23:39.680 [main] INFO  br.edu.up.allanhousequest.utils.Utils - Arquivo de monstros carregado.
2024-06-26 16:23:39.682 [main] INFO  br.edu.up.allanhousequest.utils.Utils - Arquivo de itens carregado.
2024-06-26 16:23:39.682 [main] INFO  br.edu.up.allanhousequest.utils.Utils - Jogo carregado.
2024-06-26 16:23:49.011 [main] INFO  br.edu.up.allanhousequest.utils.Utils - Jogo iniciado com jogador kaua.
2024-06-26 16:24:02.462 [main] INFO  br.edu.up.allanhousequest.utils.Utils - Jogo encerrado.
2024-06-26 16:24:18.855 [main] INFO  br.edu.up.allanhousequest.utils.Utils - Arquivo de jogadores inicializado.
2024-06-26 16:24:18.864 [main] INFO  br.edu.up.allanhousequest.utils.Utils - Arquivo de monstros inicializado.
2024-06-26 16:24:18.864 [main] INFO  br.edu.up.allanhousequest.utils.Utils - Arquivo de itens inicializado.
2024-06-26 16:24:22.061 [main] INFO  br.edu.up.allanhousequest.utils.Utils - Arquivo de jogadores carregado.
2024-06-26 16:24:22.063 [main] INFO  br.edu.up.allanhousequest.utils.Utils - Arquivo de monstros carregado.
2024-06-26 16:24:22.064 [main] INFO  br.edu.up.allanhousequest.utils.Utils - Arquivo de itens carregado.
2024-06-26 16:24:22.064 [main] INFO  br.edu.up.allanhousequest.utils.Utils - Jogo carregado.
2024-06-26 16:24:37.291 [main] INFO  br.edu.up.allanhousequest.utils.Utils - Jogador criado.
2024-06-26 16:24:37.292 [main] INFO  br.edu.up.allanhousequest.utils.Utils - Jogo iniciado com jogador olaf.
2024-06-26 16:25:26.575 [main] INFO  br.edu.up.allanhousequest.utils.Utils - Jogo encerrado.
